[W 2025-01-23 16:19:47.650 LabApp] 'ip' has moved from NotebookApp to ServerApp. This config will be passed to ServerApp. Be sure to update your config before our next release.
[W 2025-01-23 16:19:47.650 LabApp] 'port' has moved from NotebookApp to ServerApp. This config will be passed to ServerApp. Be sure to update your config before our next release.
[W 2025-01-23 16:19:47.650 LabApp] 'port' has moved from NotebookApp to ServerApp. This config will be passed to ServerApp. Be sure to update your config before our next release.
[W 2025-01-23 16:19:47.650 LabApp] 'password' has moved from NotebookApp to ServerApp. This config will be passed to ServerApp. Be sure to update your config before our next release.
[W 2025-01-23 16:19:47.650 LabApp] 'password' has moved from NotebookApp to ServerApp. This config will be passed to ServerApp. Be sure to update your config before our next release.
[I 2025-01-23 16:19:47.657 LabApp] JupyterLab extension loaded from /home/ubuntu/anaconda3/lib/python3.7/site-packages/jupyterlab
[I 2025-01-23 16:19:47.657 LabApp] JupyterLab application directory is /home/ubuntu/anaconda3/share/jupyter/lab
[I 16:19:47.661 NotebookApp] Serving notebooks from local directory: /home/lab13/project
[I 16:19:47.661 NotebookApp] Jupyter Notebook 6.4.11 is running at:
[I 16:19:47.661 NotebookApp] http://ip-172-31-13-81:8913/
[I 16:19:47.661 NotebookApp] Use Control-C to stop this server and shut down all kernels (twice to skip confirmation).
[I 16:20:13.626 NotebookApp] 302 GET / (125.129.250.60) 0.500000ms
[I 16:20:13.654 NotebookApp] 302 GET /tree? (125.129.250.60) 0.500000ms
[I 16:20:19.618 NotebookApp] 302 POST /login?next=%2Ftree%3F (125.129.250.60) 41.610000ms
[W 16:20:34.244 NotebookApp] 400 GET /api/contents/YJ/test.ipynb?type=notebook&_=1737616834631 (125.129.250.60): Unreadable Notebook: /home/lab13/project/YJ/test.ipynb NotJSONError("Notebook does not appear to be JSON: ''...")
[W 16:20:34.245 NotebookApp] Unreadable Notebook: /home/lab13/project/YJ/test.ipynb NotJSONError("Notebook does not appear to be JSON: ''...")
[W 16:20:34.245 NotebookApp] 400 GET /api/contents/YJ/test.ipynb?type=notebook&_=1737616834631 (125.129.250.60) 0.880000ms referer=http://15.168.221.131:8913/notebooks/YJ/test.ipynb
[I 16:20:53.562 NotebookApp] Creating new notebook in /YJ
[I 16:20:53.592 NotebookApp] Writing notebook-signing key to /home/lab13/.local/share/jupyter/notebook_secret
[I 16:20:54.444 NotebookApp] Kernel started: f29bae5c-48f6-4f97-a9a8-826463c6af9d, name: python3
[I 16:20:55.352 NotebookApp] Starting buffering for f29bae5c-48f6-4f97-a9a8-826463c6af9d:4d543dda942b41a686bf7eaa81f5c9cf
[I 16:20:58.100 NotebookApp] Kernel shutdown: f29bae5c-48f6-4f97-a9a8-826463c6af9d
[I 16:22:17.455 NotebookApp] Creating new notebook in /YJ
[I 16:22:18.201 NotebookApp] Kernel started: 29ec495e-9573-44c0-bdf5-9fd3438da4ea, name: project
[I 16:22:26.033 NotebookApp] Kernel started: 40533dbc-de0f-404c-944b-4e2e4a0eea6b, name: python3
[I 16:22:27.891 NotebookApp] Starting buffering for 29ec495e-9573-44c0-bdf5-9fd3438da4ea:a8fa1fe0ce624ed49cf94dae1e5ca199
[I 16:24:26.051 NotebookApp] Saving file at /YJ/Untitled.ipynb
[I 16:24:31.442 NotebookApp] Starting buffering for 40533dbc-de0f-404c-944b-4e2e4a0eea6b:7aeb2d96e238442c822334fef2caf375
[I 16:24:31.773 NotebookApp] Kernel restarted: 40533dbc-de0f-404c-944b-4e2e4a0eea6b
[I 16:24:31.836 NotebookApp] Restoring connection for 40533dbc-de0f-404c-944b-4e2e4a0eea6b:7aeb2d96e238442c822334fef2caf375
[I 16:24:32.266 NotebookApp] Replaying 3 buffered messages
[I 16:26:26.265 NotebookApp] Saving file at /YJ/Untitled.ipynb
[IPKernelApp] WARNING | Parent appears to have exited, shutting down.
[IPKernelApp] WARNING | Parent appears to have exited, shutting down.
[W 2025-01-23 16:32:31.419 LabApp] 'ip' has moved from NotebookApp to ServerApp. This config will be passed to ServerApp. Be sure to update your config before our next release.
[W 2025-01-23 16:32:31.419 LabApp] 'port' has moved from NotebookApp to ServerApp. This config will be passed to ServerApp. Be sure to update your config before our next release.
[W 2025-01-23 16:32:31.419 LabApp] 'port' has moved from NotebookApp to ServerApp. This config will be passed to ServerApp. Be sure to update your config before our next release.
[W 2025-01-23 16:32:31.419 LabApp] 'password' has moved from NotebookApp to ServerApp. This config will be passed to ServerApp. Be sure to update your config before our next release.
[W 2025-01-23 16:32:31.419 LabApp] 'password' has moved from NotebookApp to ServerApp. This config will be passed to ServerApp. Be sure to update your config before our next release.
[I 2025-01-23 16:32:31.426 LabApp] JupyterLab extension loaded from /home/ubuntu/anaconda3/lib/python3.7/site-packages/jupyterlab
[I 2025-01-23 16:32:31.426 LabApp] JupyterLab application directory is /home/ubuntu/anaconda3/share/jupyter/lab
[I 16:32:31.429 NotebookApp] Serving notebooks from local directory: /home/lab13/project
[I 16:32:31.429 NotebookApp] Jupyter Notebook 6.4.11 is running at:
[I 16:32:31.429 NotebookApp] http://ip-172-31-13-81:8913/
[I 16:32:31.429 NotebookApp] Use Control-C to stop this server and shut down all kernels (twice to skip confirmation).
[W 16:32:32.192 NotebookApp] 404 GET /api/kernels/40533dbc-de0f-404c-944b-4e2e4a0eea6b/channels?session_id=7aeb2d96e238442c822334fef2caf375 (125.129.250.60): Kernel does not exist: 40533dbc-de0f-404c-944b-4e2e4a0eea6b
[W 16:32:32.211 NotebookApp] 404 GET /api/kernels/40533dbc-de0f-404c-944b-4e2e4a0eea6b/channels?session_id=7aeb2d96e238442c822334fef2caf375 (125.129.250.60) 19.970000ms referer=None
[W 16:32:35.337 NotebookApp] Notebook YJ/Untitled.ipynb is not trusted
[I 16:32:35.429 NotebookApp] Kernel started: aadd9d11-0c7c-46a8-b24b-535e21618c56, name: python3
[I 16:32:41.420 NotebookApp] Starting buffering for aadd9d11-0c7c-46a8-b24b-535e21618c56:886a2d7f42764ec08b4a92ac768da298
[I 16:32:41.423 NotebookApp] Kernel shutdown: aadd9d11-0c7c-46a8-b24b-535e21618c56
[I 16:32:41.684 NotebookApp] Kernel started: 3ccc62e4-3364-4de4-89ad-aab8d6b29fa5, name: project
[I 16:34:36.251 NotebookApp] Saving file at /YJ/Untitled.ipynb
[I 16:36:36.263 NotebookApp] Saving file at /YJ/Untitled.ipynb
[I 16:41:13.945 NotebookApp] Starting buffering for 3ccc62e4-3364-4de4-89ad-aab8d6b29fa5:886a2d7f42764ec08b4a92ac768da298
[I 16:43:08.742 NotebookApp] Creating new notebook in /HJ
[I 16:43:09.513 NotebookApp] Kernel started: f0983ced-3836-4475-b942-fe930ae76ec3, name: project
[I 16:43:15.652 NotebookApp] Saving file at /HJ/Untitled.ipynb
[I 16:43:38.714 NotebookApp] Saving file at /HJ/Untitled.ipynb
