[I 2025-02-12 11:10:42.274 ServerApp] jupyter_lsp | extension was successfully linked.
[I 2025-02-12 11:10:42.278 ServerApp] jupyter_server_terminals | extension was successfully linked.
[I 2025-02-12 11:10:42.283 ServerApp] jupyterlab | extension was successfully linked.
[W 2025-02-12 11:10:42.285 JupyterNotebookApp] 'password' has moved from NotebookApp to ServerApp. This config will be passed to ServerApp. Be sure to update your config before our next release.
[W 2025-02-12 11:10:42.288 ServerApp] ServerApp.password config is deprecated in 2.0. Use PasswordIdentityProvider.hashed_password.
[I 2025-02-12 11:10:42.289 ServerApp] notebook | extension was successfully linked.
[I 2025-02-12 11:10:42.505 ServerApp] notebook_shim | extension was successfully linked.
[I 2025-02-12 11:10:42.564 ServerApp] notebook_shim | extension was successfully loaded.
[I 2025-02-12 11:10:42.567 ServerApp] jupyter_lsp | extension was successfully loaded.
[I 2025-02-12 11:10:42.568 ServerApp] jupyter_server_terminals | extension was successfully loaded.
[I 2025-02-12 11:10:42.581 LabApp] JupyterLab extension loaded from /home/ubuntu/anaconda3/envs/Project/lib/python3.8/site-packages/jupyterlab
[I 2025-02-12 11:10:42.581 LabApp] JupyterLab application directory is /home/ubuntu/anaconda3/envs/Project/share/jupyter/lab
[I 2025-02-12 11:10:42.582 LabApp] Extension Manager is 'pypi'.
[I 2025-02-12 11:10:42.643 ServerApp] jupyterlab | extension was successfully loaded.
[I 2025-02-12 11:10:42.647 ServerApp] notebook | extension was successfully loaded.
[I 2025-02-12 11:10:42.647 ServerApp] Serving notebooks from local directory: /home/lab13/airflow/dags
[I 2025-02-12 11:10:42.647 ServerApp] Jupyter Server 2.14.2 is running at:
[I 2025-02-12 11:10:42.647 ServerApp] http://ip-172-31-13-81:8917/tree
[I 2025-02-12 11:10:42.647 ServerApp]     http://127.0.0.1:8917/tree
[I 2025-02-12 11:10:42.647 ServerApp] Use Control-C to stop this server and shut down all kernels (twice to skip confirmation).
[I 2025-02-12 11:10:42.668 ServerApp] Skipped non-installed server(s): bash-language-server, dockerfile-language-server-nodejs, javascript-typescript-langserver, jedi-language-server, julia-language-server, pyright, python-language-server, python-lsp-server, r-languageserver, sql-language-server, texlab, typescript-language-server, unified-language-server, vscode-css-languageserver-bin, vscode-html-languageserver-bin, vscode-json-languageserver-bin, yaml-language-server
[I 2025-02-12 11:11:01.537 ServerApp] 302 GET / (@125.129.250.60) 0.54ms
[I 2025-02-12 11:11:01.570 JupyterNotebookApp] 302 GET /tree? (@125.129.250.60) 0.73ms
[I 2025-02-12 11:11:04.766 ServerApp] User fd88012478e1480ba6af768e29928fbc logged in.
[I 2025-02-12 11:11:04.767 ServerApp] 302 POST /login?next=%2Ftree%3F (fd88012478e1480ba6af768e29928fbc@125.129.250.60) 54.01ms
